Vercel CLI 46.0.2
WARN! Build not running on Vercel. System environment variables will not be available.
WARNING: You should not upload the `.next` directory.
Installing dependencies...

up to date in 1s
Detected Next.js version: 15.4.6
Running "npm run build"

> enrich_app@0.1.0 build
> next build

 ΓÜá Invalid next.config.js options detected: 
 ΓÜá     Unrecognized key(s) in object: 'appDir' at "experimental"
 ΓÜá See more info here: https://nextjs.org/docs/messages/invalid-next-config
   Γû▓ Next.js 15.4.6
   - Environments: .env.local
   - Experiments (use with caution):
     Γ£ô appDir

   Creating an optimized production build ...
 Γ£ô Compiled successfully in 4.0s
   Skipping linting
   Checking validity of types ...
   Collecting page data ...
   Generating static pages (0/11) ...
   Generating static pages (2/11) 
   Generating static pages (5/11) 
   Generating static pages (8/11) 
 Γ£ô Generating static pages (11/11)
   Finalizing page optimization ...
   Collecting build traces ...

Route (app)                                 Size  First Load JS
Γöî ╞Æ /                                      139 B        99.8 kB
Γö£ Γùï /_not-found                            990 B         101 kB
Γö£ ╞Æ /api/ping                              139 B        99.8 kB
Γö£ ╞Æ /api/session                           139 B        99.8 kB
Γö£ ╞Æ /dashboard                             139 B        99.8 kB
Γö£ Γùï /debug                                 936 B         101 kB
Γö£ ╞Æ /login                                 139 B        99.8 kB
Γö£ Γùï /logout                                365 B         100 kB
Γö£ ╞Æ /signup                                139 B        99.8 kB
Γö£ Γùï /tools/auth                          1.01 kB         101 kB
Γö£ Γùï /tools/auth-state                    1.01 kB         101 kB
Γöö Γùï /zz-check                              139 B        99.8 kB
+ First Load JS shared by all            99.6 kB
  Γö£ chunks/4bd1b696-cf72ae8a39fa05aa.js  54.1 kB
  Γö£ chunks/964-7a34cadcb7695cec.js       43.5 kB
  Γöö other shared chunks (total)          1.97 kB


Γùï  (Static)   prerendered as static content
╞Æ  (Dynamic)  server-rendered on demand

Traced Next.js server files in: 1.853s
Tracing entries due to missing build traces:
[
  "C:/Users/Mel/OneDrive/Code/Enrich_Platform/enrich_app/.next/server/app/_not-found/page.js",
  "C:/Users/Mel/OneDrive/Code/Enrich_Platform/enrich_app/.next/server/app/debug/page.js",
  "C:/Users/Mel/OneDrive/Code/Enrich_Platform/enrich_app/.next/server/app/logout/page.js",
  "C:/Users/Mel/OneDrive/Code/Enrich_Platform/enrich_app/.next/server/app/tools/auth-state/page.js",
  "C:/Users/Mel/OneDrive/Code/Enrich_Platform/enrich_app/.next/server/app/tools/auth/page.js",
  "C:/Users/Mel/OneDrive/Code/Enrich_Platform/enrich_app/.next/server/app/zz-check/page.js",
  "C:/Users/Mel/OneDrive/Code/Enrich_Platform/enrich_app/.next/server/app/login/page.js",
  "C:/Users/Mel/OneDrive/Code/Enrich_Platform/enrich_app/.next/server/app/dashboard/page.js",
  "C:/Users/Mel/OneDrive/Code/Enrich_Platform/enrich_app/.next/server/app/signup/page.js",
  "C:/Users/Mel/OneDrive/Code/Enrich_Platform/enrich_app/.next/server/app/api/ping/route.js",
  "C:/Users/Mel/OneDrive/Code/Enrich_Platform/enrich_app/.next/server/app/api/session/route.js",
  "C:/Users/Mel/OneDrive/Code/Enrich_Platform/enrich_app/.next/server/app/favicon.ico/route.js"
]: 2.545s
Created all serverless functions in: 2.742s
Error: Unable to find lambda for route: /tools/auth
